2020-10-08 12:31:06.632  INFO 2444 --- [main] c.o.multimodule.RestfulOrderApplication  : Starting RestfulOrderApplication on WEIZAI with PID 2444 (D:\project\Java\JavaWeb\idea_projects\multimodule\restful-order\target\classes started by OuyangWei in D:\project\Java\JavaWeb\idea_projects\multimodule)
2020-10-08 12:31:06.635  INFO 2444 --- [main] c.o.multimodule.RestfulOrderApplication  : The following profiles are active: common
2020-10-08 12:31:07.159  INFO 2444 --- [main] .s.d.r.c.RepositoryConfigurationDelegate : Multiple Spring Data modules found, entering strict repository configuration mode!
2020-10-08 12:31:07.159  INFO 2444 --- [main] .s.d.r.c.RepositoryConfigurationDelegate : Bootstrapping Spring Data Redis repositories in DEFAULT mode.
2020-10-08 12:31:07.190  INFO 2444 --- [main] .s.d.r.c.RepositoryConfigurationDelegate : Finished Spring Data repository scanning in 14ms. Found 0 Redis repository interfaces.
2020-10-08 12:31:07.518  INFO 2444 --- [main] o.s.b.w.embedded.tomcat.TomcatWebServer  : Tomcat initialized with port(s): 8081 (http)
2020-10-08 12:31:07.534  INFO 2444 --- [main] o.apache.catalina.core.StandardService   : Starting service [Tomcat]
2020-10-08 12:31:07.534  INFO 2444 --- [main] org.apache.catalina.core.StandardEngine  : Starting Servlet engine: [Apache Tomcat/9.0.38]
2020-10-08 12:31:07.627  INFO 2444 --- [main] o.a.c.c.C.[Tomcat].[localhost].[/]       : Initializing Spring embedded WebApplicationContext
2020-10-08 12:31:07.627  INFO 2444 --- [main] w.s.c.ServletWebServerApplicationContext : Root WebApplicationContext: initialization completed in 957 ms
2020-10-08 12:31:09.461  INFO 2444 --- [main] o.s.s.concurrent.ThreadPoolTaskExecutor  : Initializing ExecutorService 'applicationTaskExecutor'
2020-10-08 12:31:09.643  INFO 2444 --- [main] o.s.b.w.embedded.tomcat.TomcatWebServer  : Tomcat started on port(s): 8081 (http) with context path ''
2020-10-08 12:31:09.652  INFO 2444 --- [main] c.o.multimodule.RestfulOrderApplication  : Started RestfulOrderApplication in 3.514 seconds (JVM running for 4.752)
2020-10-08 12:31:17.026  INFO 2444 --- [http-nio-8081-exec-1] o.a.c.c.C.[Tomcat].[localhost].[/]       : Initializing Spring DispatcherServlet 'dispatcherServlet'
2020-10-08 12:31:17.026  INFO 2444 --- [http-nio-8081-exec-1] o.s.web.servlet.DispatcherServlet        : Initializing Servlet 'dispatcherServlet'
2020-10-08 12:31:17.030  INFO 2444 --- [http-nio-8081-exec-1] o.s.web.servlet.DispatcherServlet        : Completed initialization in 4 ms
2020-10-08 12:31:17.045  INFO 2444 --- [http-nio-8081-exec-1] c.o.m.r.o.controllers.OrderController    : OrderController: ouyangwei()
2020-10-08 12:31:17.291  INFO 2444 --- [http-nio-8081-exec-1] com.alibaba.druid.pool.DruidDataSource   : {dataSource-1} inited
2020-10-08 12:31:17.301 DEBUG 2444 --- [http-nio-8081-exec-1] c.o.m.d.m.OrderMapper.getOrdersByUserId  : ==>  Preparing: select * from `order` where user_id=?; 
2020-10-08 12:31:17.329 DEBUG 2444 --- [http-nio-8081-exec-1] c.o.m.d.m.OrderMapper.getOrdersByUserId  : ==> Parameters: 2(Integer)
2020-10-08 12:31:17.338 DEBUG 2444 --- [http-nio-8081-exec-1] c.o.m.d.m.OrderMapper.getOrdersByUserId  : <==      Total: 2
